<?xml version="1.0" encoding="UTF-8"?>
<testng-results ignored="0" total="1" passed="1" failed="0" skipped="0">
  <reporter-output>
  </reporter-output>
  <suite started-at="2021-12-17T14:59:04 IST" name="Default suite" finished-at="2021-12-17T14:59:25 IST" duration-ms="20701">
    <groups>
    </groups>
    <test started-at="2021-12-17T14:59:04 IST" name="Default test" finished-at="2021-12-17T14:59:25 IST" duration-ms="20701">
      <class name="com.tests.Tc_15">
        <test-method is-config="true" signature="browser_setup1()[pri:0, instance:com.tests.Tc_15@765d7657]" started-at="2021-12-17T14:59:04 IST" name="browser_setup1" finished-at="2021-12-17T14:59:19 IST" duration-ms="15243" status="PASS">
          <reporter-output>
          </reporter-output>
        </test-method> <!-- browser_setup1 -->
        <test-method signature="tc(java.lang.String)[pri:0, instance:com.tests.Tc_15@765d7657]" started-at="2021-12-17T14:59:23 IST" name="tc" data-provider="TestData" finished-at="2021-12-17T14:59:25 IST" duration-ms="1689" status="PASS">
          <params>
            <param index="0">
              <value>
                <![CDATA[Grid]]>
              </value>
            </param>
          </params>
          <reporter-output>
          </reporter-output>
        </test-method> <!-- tc -->
        <test-method is-config="true" signature="close()[pri:0, instance:com.tests.Tc_15@765d7657]" started-at="2021-12-17T14:59:25 IST" name="close" finished-at="2021-12-17T14:59:25 IST" duration-ms="0" status="PASS">
          <reporter-output>
          </reporter-output>
        </test-method> <!-- close -->
      </class> <!-- com.tests.Tc_15 -->
    </test> <!-- Default test -->
  </suite> <!-- Default suite -->
</testng-results>
