<?xml version="1.0" encoding="UTF-8"?>
<!-- Generated by org.testng.reporters.JUnitXMLReporter -->
<testsuite ignored="0" hostname="DESKTOP-9V0BM5U" failures="0" tests="3" name="Test" time="25.979" errors="0" timestamp="2021-12-04T11:32:00 IST">
  <testcase classname="test_cases.LoginTestCase" name="dlogin_testcase" time="3.572"/>
  <testcase classname="test_cases.Register_Tc_Dws" name="register" time="4.619"/>
  <testcase classname="test_cases.AddToCart_DWS" name="login" time="6.076"/>
</testsuite> <!-- Test -->
