<?xml version="1.0" encoding="UTF-8"?>
<testng-results ignored="0" total="1" passed="1" failed="0" skipped="0">
  <reporter-output>
  </reporter-output>
  <suite started-at="2021-12-23T09:36:19 IST" name="Default suite" finished-at="2021-12-23T09:36:58 IST" duration-ms="39206">
    <groups>
    </groups>
    <test started-at="2021-12-23T09:36:19 IST" name="Default test" finished-at="2021-12-23T09:36:58 IST" duration-ms="39206">
      <class name="testng1.Dws">
        <test-method signature="tc()[pri:0, instance:testng1.Dws@1bd4fdd]" started-at="2021-12-23T09:36:19 IST" name="tc" finished-at="2021-12-23T09:36:58 IST" duration-ms="39125" status="PASS">
          <reporter-output>
          </reporter-output>
        </test-method> <!-- tc -->
      </class> <!-- testng1.Dws -->
    </test> <!-- Default test -->
  </suite> <!-- Default suite -->
</testng-results>
